This file contains any messages produced by compilers while
running configure, to aid debugging if configure makes a mistake.

It was created by fswebcam configure 20070108, which was
generated by GNU Autoconf 2.59.  Invocation command line was

  $ ./configure 

## --------- ##
## Platform. ##
## --------- ##

hostname = motters-laptop
uname -m = i686
uname -r = 2.6.27-8-generic
uname -s = Linux
uname -v = #1 SMP Thu Nov 6 17:33:54 UTC 2008

/usr/bin/uname -p = unknown
/bin/uname -X     = unknown

/bin/arch              = unknown
/usr/bin/arch -k       = unknown
/usr/convex/getsysinfo = unknown
hostinfo               = unknown
/bin/machine           = unknown
/usr/bin/oslevel       = unknown
/bin/universe          = unknown

PATH: /usr/local/sbin
PATH: /usr/local/bin
PATH: /usr/sbin
PATH: /usr/bin
PATH: /sbin
PATH: /bin
PATH: /usr/games


## ----------- ##
## Core tests. ##
## ----------- ##

configure:1354: checking for gcc
configure:1370: found /usr/bin/gcc
configure:1380: result: gcc
configure:1624: checking for C compiler version
configure:1627: gcc --version </dev/null >&5
gcc (Ubuntu 4.3.2-1ubuntu11) 4.3.2
Copyright (C) 2008 Free Software Foundation, Inc.
This is free software; see the source for copying conditions.  There is NO
warranty; not even for MERCHANTABILITY or FITNESS FOR A PARTICULAR PURPOSE.

configure:1630: $? = 0
configure:1632: gcc -v </dev/null >&5
Using built-in specs.
Target: i486-linux-gnu
Configured with: ../src/configure -v --with-pkgversion='Ubuntu 4.3.2-1ubuntu11' --with-bugurl=file:///usr/share/doc/gcc-4.3/README.Bugs --enable-languages=c,c++,fortran,objc,obj-c++ --prefix=/usr --enable-shared --with-system-zlib --libexecdir=/usr/lib --without-included-gettext --enable-threads=posix --enable-nls --with-gxx-include-dir=/usr/include/c++/4.3 --program-suffix=-4.3 --enable-clocale=gnu --enable-libstdcxx-debug --enable-objc-gc --enable-mpfr --enable-targets=all --enable-checking=release --build=i486-linux-gnu --host=i486-linux-gnu --target=i486-linux-gnu
Thread model: posix
gcc version 4.3.2 (Ubuntu 4.3.2-1ubuntu11) 
configure:1635: $? = 0
configure:1637: gcc -V </dev/null >&5
gcc: '-V' option must have argument
configure:1640: $? = 1
configure:1663: checking for C compiler default output file name
configure:1666: gcc    conftest.c  >&5
configure:1669: $? = 0
configure:1715: result: a.out
configure:1720: checking whether the C compiler works
configure:1726: ./a.out
configure:1729: $? = 0
configure:1746: result: yes
configure:1753: checking whether we are cross compiling
configure:1755: result: no
configure:1758: checking for suffix of executables
configure:1760: gcc -o conftest    conftest.c  >&5
configure:1763: $? = 0
configure:1788: result: 
configure:1794: checking for suffix of object files
configure:1815: gcc -c   conftest.c >&5
configure:1818: $? = 0
configure:1840: result: o
configure:1844: checking whether we are using the GNU C compiler
configure:1868: gcc -c   conftest.c >&5
configure:1874: $? = 0
configure:1878: test -z 
			 || test ! -s conftest.err
configure:1881: $? = 0
configure:1884: test -s conftest.o
configure:1887: $? = 0
configure:1900: result: yes
configure:1906: checking whether gcc accepts -g
configure:1927: gcc -c -g  conftest.c >&5
configure:1933: $? = 0
configure:1937: test -z 
			 || test ! -s conftest.err
configure:1940: $? = 0
configure:1943: test -s conftest.o
configure:1946: $? = 0
configure:1957: result: yes
configure:1974: checking for gcc option to accept ANSI C
configure:2044: gcc  -c -g -O2  conftest.c >&5
configure:2050: $? = 0
configure:2054: test -z 
			 || test ! -s conftest.err
configure:2057: $? = 0
configure:2060: test -s conftest.o
configure:2063: $? = 0
configure:2081: result: none needed
configure:2099: gcc -c -g -O2  conftest.c >&5
conftest.c:2: error: expected '=', ',', ';', 'asm' or '__attribute__' before 'me'
configure:2105: $? = 1
configure: failed program was:
| #ifndef __cplusplus
|   choke me
| #endif
configure:2293: checking how to run the C preprocessor
configure:2328: gcc -E  conftest.c
configure:2334: $? = 0
configure:2366: gcc -E  conftest.c
conftest.c:11:28: error: ac_nonexistent.h: No such file or directory
configure:2372: $? = 1
configure: failed program was:
| /* confdefs.h.  */
| 
| #define PACKAGE_NAME "fswebcam"
| #define PACKAGE_TARNAME "fswebcam"
| #define PACKAGE_VERSION "20070108"
| #define PACKAGE_STRING "fswebcam 20070108"
| #define PACKAGE_BUGREPORT "phil@firestorm.cx"
| #define HAVE_V4L1 1
| #define HAVE_V4L2 1
| /* end confdefs.h.  */
| #include <ac_nonexistent.h>
configure:2411: result: gcc -E
configure:2435: gcc -E  conftest.c
configure:2441: $? = 0
configure:2473: gcc -E  conftest.c
conftest.c:11:28: error: ac_nonexistent.h: No such file or directory
configure:2479: $? = 1
configure: failed program was:
| /* confdefs.h.  */
| 
| #define PACKAGE_NAME "fswebcam"
| #define PACKAGE_TARNAME "fswebcam"
| #define PACKAGE_VERSION "20070108"
| #define PACKAGE_STRING "fswebcam 20070108"
| #define PACKAGE_BUGREPORT "phil@firestorm.cx"
| #define HAVE_V4L1 1
| #define HAVE_V4L2 1
| /* end confdefs.h.  */
| #include <ac_nonexistent.h>
configure:2523: checking for egrep
configure:2533: result: grep -E
configure:2538: checking for ANSI C header files
configure:2563: gcc -c -g -O2  conftest.c >&5
configure:2569: $? = 0
configure:2573: test -z 
			 || test ! -s conftest.err
configure:2576: $? = 0
configure:2579: test -s conftest.o
configure:2582: $? = 0
configure:2671: gcc -o conftest -g -O2   conftest.c  >&5
conftest.c: In function 'main':
conftest.c:28: warning: incompatible implicit declaration of built-in function 'exit'
configure:2674: $? = 0
configure:2676: ./conftest
configure:2679: $? = 0
configure:2694: result: yes
configure:2718: checking for sys/types.h
configure:2734: gcc -c -g -O2  conftest.c >&5
configure:2740: $? = 0
configure:2744: test -z 
			 || test ! -s conftest.err
configure:2747: $? = 0
configure:2750: test -s conftest.o
configure:2753: $? = 0
configure:2764: result: yes
configure:2718: checking for sys/stat.h
configure:2734: gcc -c -g -O2  conftest.c >&5
configure:2740: $? = 0
configure:2744: test -z 
			 || test ! -s conftest.err
configure:2747: $? = 0
configure:2750: test -s conftest.o
configure:2753: $? = 0
configure:2764: result: yes
configure:2718: checking for stdlib.h
configure:2734: gcc -c -g -O2  conftest.c >&5
configure:2740: $? = 0
configure:2744: test -z 
			 || test ! -s conftest.err
configure:2747: $? = 0
configure:2750: test -s conftest.o
configure:2753: $? = 0
configure:2764: result: yes
configure:2718: checking for string.h
configure:2734: gcc -c -g -O2  conftest.c >&5
configure:2740: $? = 0
configure:2744: test -z 
			 || test ! -s conftest.err
configure:2747: $? = 0
configure:2750: test -s conftest.o
configure:2753: $? = 0
configure:2764: result: yes
configure:2718: checking for memory.h
configure:2734: gcc -c -g -O2  conftest.c >&5
configure:2740: $? = 0
configure:2744: test -z 
			 || test ! -s conftest.err
configure:2747: $? = 0
configure:2750: test -s conftest.o
configure:2753: $? = 0
configure:2764: result: yes
configure:2718: checking for strings.h
configure:2734: gcc -c -g -O2  conftest.c >&5
configure:2740: $? = 0
configure:2744: test -z 
			 || test ! -s conftest.err
configure:2747: $? = 0
configure:2750: test -s conftest.o
configure:2753: $? = 0
configure:2764: result: yes
configure:2718: checking for inttypes.h
configure:2734: gcc -c -g -O2  conftest.c >&5
configure:2740: $? = 0
configure:2744: test -z 
			 || test ! -s conftest.err
configure:2747: $? = 0
configure:2750: test -s conftest.o
configure:2753: $? = 0
configure:2764: result: yes
configure:2718: checking for stdint.h
configure:2734: gcc -c -g -O2  conftest.c >&5
configure:2740: $? = 0
configure:2744: test -z 
			 || test ! -s conftest.err
configure:2747: $? = 0
configure:2750: test -s conftest.o
configure:2753: $? = 0
configure:2764: result: yes
configure:2718: checking for unistd.h
configure:2734: gcc -c -g -O2  conftest.c >&5
configure:2740: $? = 0
configure:2744: test -z 
			 || test ! -s conftest.err
configure:2747: $? = 0
configure:2750: test -s conftest.o
configure:2753: $? = 0
configure:2764: result: yes
configure:2782: checking for stdlib.h
configure:2787: result: yes
configure:2782: checking for unistd.h
configure:2787: result: yes
configure:2931: checking for getpagesize
configure:2988: gcc -o conftest -g -O2   conftest.c  >&5
configure:2994: $? = 0
configure:2998: test -z 
			 || test ! -s conftest.err
configure:3001: $? = 0
configure:3004: test -s conftest
configure:3007: $? = 0
configure:3019: result: yes
configure:3029: checking for working mmap
configure:3171: gcc -o conftest -g -O2   conftest.c  >&5
configure:3174: $? = 0
configure:3176: ./conftest
configure:3179: $? = 0
configure:3193: result: yes
configure:3205: checking for gdImageCreateTrueColor in -lgd
configure:3235: gcc -o conftest -g -O2   conftest.c -lgd   >&5
configure:3241: $? = 0
configure:3245: test -z 
			 || test ! -s conftest.err
configure:3248: $? = 0
configure:3251: test -s conftest
configure:3254: $? = 0
configure:3267: result: yes
configure:3281: checking for gdImageStringFT in -lgd
configure:3311: gcc -o conftest -g -O2  -lgd  conftest.c -lgd   >&5
configure:3317: $? = 0
configure:3321: test -z 
			 || test ! -s conftest.err
configure:3324: $? = 0
configure:3327: test -s conftest
configure:3330: $? = 0
configure:3343: result: yes
configure:3355: checking for gdImageJpeg in -lgd
configure:3385: gcc -o conftest -g -O2  -lgd  conftest.c -lgd   >&5
configure:3391: $? = 0
configure:3395: test -z 
			 || test ! -s conftest.err
configure:3398: $? = 0
configure:3401: test -s conftest
configure:3404: $? = 0
configure:3417: result: yes
configure:3429: checking for gdImagePngEx in -lgd
configure:3459: gcc -o conftest -g -O2  -lgd  conftest.c -lgd   >&5
configure:3465: $? = 0
configure:3469: test -z 
			 || test ! -s conftest.err
configure:3472: $? = 0
configure:3475: test -s conftest
configure:3478: $? = 0
configure:3491: result: yes
configure:3526: result:
   Buffer type ........... 16 bit
   PNG support ........... yes
   JPEG support .......... yes
   Freetype 2.x support .. yes
   V4L1 support .......... yes
   V4L2 support .......... yes

configure:3635: creating ./config.status

## ---------------------- ##
## Running config.status. ##
## ---------------------- ##

This file was extended by fswebcam config.status 20070108, which was
generated by GNU Autoconf 2.59.  Invocation command line was

  CONFIG_FILES    = 
  CONFIG_HEADERS  = 
  CONFIG_LINKS    = 
  CONFIG_COMMANDS = 
  $ ./config.status 

on motters-laptop

config.status:642: creating Makefile
config.status:745: creating config.h

## ---------------- ##
## Cache variables. ##
## ---------------- ##

ac_cv_c_compiler_gnu=yes
ac_cv_env_CC_set=
ac_cv_env_CC_value=
ac_cv_env_CFLAGS_set=
ac_cv_env_CFLAGS_value=
ac_cv_env_CPPFLAGS_set=
ac_cv_env_CPPFLAGS_value=
ac_cv_env_CPP_set=
ac_cv_env_CPP_value=
ac_cv_env_LDFLAGS_set=
ac_cv_env_LDFLAGS_value=
ac_cv_env_build_alias_set=
ac_cv_env_build_alias_value=
ac_cv_env_host_alias_set=
ac_cv_env_host_alias_value=
ac_cv_env_target_alias_set=
ac_cv_env_target_alias_value=
ac_cv_exeext=
ac_cv_func_getpagesize=yes
ac_cv_func_mmap_fixed_mapped=yes
ac_cv_header_inttypes_h=yes
ac_cv_header_memory_h=yes
ac_cv_header_stdc=yes
ac_cv_header_stdint_h=yes
ac_cv_header_stdlib_h=yes
ac_cv_header_string_h=yes
ac_cv_header_strings_h=yes
ac_cv_header_sys_stat_h=yes
ac_cv_header_sys_types_h=yes
ac_cv_header_unistd_h=yes
ac_cv_lib_gd_gdImageCreateTrueColor=yes
ac_cv_lib_gd_gdImageJpeg=yes
ac_cv_lib_gd_gdImagePngEx=yes
ac_cv_lib_gd_gdImageStringFT=yes
ac_cv_objext=o
ac_cv_prog_CPP='gcc -E'
ac_cv_prog_ac_ct_CC=gcc
ac_cv_prog_cc_g=yes
ac_cv_prog_cc_stdc=
ac_cv_prog_egrep='grep -E'

## ----------------- ##
## Output variables. ##
## ----------------- ##

CC='gcc'
CFLAGS='-g -O2'
CPP='gcc -E'
CPPFLAGS=''
DEFS='-DHAVE_CONFIG_H'
ECHO_C=''
ECHO_N='-n'
ECHO_T=''
EGREP='grep -E'
EXEEXT=''
LDFLAGS='-lgd '
LIBOBJS=''
LIBS=''
LTLIBOBJS=''
OBJEXT='o'
PACKAGE_BUGREPORT='phil@firestorm.cx'
PACKAGE_NAME='fswebcam'
PACKAGE_STRING='fswebcam 20070108'
PACKAGE_TARNAME='fswebcam'
PACKAGE_VERSION='20070108'
PATH_SEPARATOR=':'
SHELL='/bin/bash'
SRC_OBJS='src_test.o src_raw.o src_file.o src_v4l1.o src_v4l2.o'
ac_ct_CC='gcc'
bindir='${exec_prefix}/bin'
build_alias=''
datadir='${prefix}/share'
exec_prefix='${prefix}'
host_alias=''
includedir='${prefix}/include'
infodir='${prefix}/info'
libdir='${exec_prefix}/lib'
libexecdir='${exec_prefix}/libexec'
localstatedir='${prefix}/var'
mandir='${prefix}/man'
oldincludedir='/usr/include'
prefix='/usr/local'
program_transform_name='s,x,x,'
sbindir='${exec_prefix}/sbin'
sharedstatedir='${prefix}/com'
sysconfdir='${prefix}/etc'
target_alias=''

## ----------- ##
## confdefs.h. ##
## ----------- ##

#define HAVE_GETPAGESIZE 1
#define HAVE_INTTYPES_H 1
#define HAVE_MEMORY_H 1
#define HAVE_MMAP 1
#define HAVE_STDINT_H 1
#define HAVE_STDLIB_H 1
#define HAVE_STDLIB_H 1
#define HAVE_STRINGS_H 1
#define HAVE_STRING_H 1
#define HAVE_SYS_STAT_H 1
#define HAVE_SYS_TYPES_H 1
#define HAVE_UNISTD_H 1
#define HAVE_UNISTD_H 1
#define HAVE_V4L1 1
#define HAVE_V4L2 1
#define PACKAGE_BUGREPORT "phil@firestorm.cx"
#define PACKAGE_NAME "fswebcam"
#define PACKAGE_STRING "fswebcam 20070108"
#define PACKAGE_TARNAME "fswebcam"
#define PACKAGE_VERSION "20070108"
#define STDC_HEADERS 1

configure: exit 0
